C:\USERS\ADMINISTRATOR\DESKTOP\密码竞赛\SM464\DEBUG\SM464.EXE
C:\USERS\ADMINISTRATOR\DESKTOP\密码竞赛\SM464\DEBUG\SM464.ILK
C:\USERS\ADMINISTRATOR\DESKTOP\密码竞赛\SM464\DEBUG\SM464.PDB
C:\Users\Administrator\Desktop\密码竞赛\SM464\SM464\Debug\cl.command.1.tlog
C:\Users\Administrator\Desktop\密码竞赛\SM464\SM464\Debug\CL.read.1.tlog
C:\Users\Administrator\Desktop\密码竞赛\SM464\SM464\Debug\CL.write.1.tlog
C:\Users\Administrator\Desktop\密码竞赛\SM464\SM464\Debug\link.9200.read.1.tlog
C:\Users\Administrator\Desktop\密码竞赛\SM464\SM464\Debug\link.9200.write.1.tlog
C:\Users\Administrator\Desktop\密码竞赛\SM464\SM464\Debug\link.9200-cvtres.read.1.tlog
C:\Users\Administrator\Desktop\密码竞赛\SM464\SM464\Debug\link.9200-cvtres.write.1.tlog
C:\Users\Administrator\Desktop\密码竞赛\SM464\SM464\Debug\link.command.1.tlog
C:\Users\Administrator\Desktop\密码竞赛\SM464\SM464\Debug\link.read.1.tlog
C:\Users\Administrator\Desktop\密码竞赛\SM464\SM464\Debug\link.write.1.tlog
C:\Users\Administrator\Desktop\密码竞赛\SM464\SM464\Debug\link-cvtres.read.1.tlog
C:\Users\Administrator\Desktop\密码竞赛\SM464\SM464\Debug\link-cvtres.write.1.tlog
C:\Users\Administrator\Desktop\密码竞赛\SM464\SM464\Debug\mt.command.1.tlog
C:\Users\Administrator\Desktop\密码竞赛\SM464\SM464\Debug\mt.read.1.tlog
C:\Users\Administrator\Desktop\密码竞赛\SM464\SM464\Debug\mt.write.1.tlog
C:\Users\Administrator\Desktop\密码竞赛\SM464\SM464\Debug\rc.command.1.tlog
C:\Users\Administrator\Desktop\密码竞赛\SM464\SM464\Debug\rc.read.1.tlog
C:\Users\Administrator\Desktop\密码竞赛\SM464\SM464\Debug\rc.write.1.tlog
C:\USERS\ADMINISTRATOR\DESKTOP\密码竞赛\SM464\SM464\DEBUG\SM464.EXE.EMBED.MANIFEST
C:\USERS\ADMINISTRATOR\DESKTOP\密码竞赛\SM464\SM464\DEBUG\SM464.EXE.EMBED.MANIFEST.RES
C:\USERS\ADMINISTRATOR\DESKTOP\密码竞赛\SM464\SM464\DEBUG\SM464.EXE.INTERMEDIATE.MANIFEST
C:\USERS\ADMINISTRATOR\DESKTOP\密码竞赛\SM464\SM464\DEBUG\SM464.OBJ
C:\Users\Administrator\Desktop\密码竞赛\SM464\SM464\Debug\SM464.vcxprojResolveAssemblyReference.cache
C:\Users\Administrator\Desktop\密码竞赛\SM464\SM464\Debug\SM464.write.1.tlog
C:\Users\Administrator\Desktop\密码竞赛\SM464\SM464\Debug\SM464_manifest.rc
C:\Users\Administrator\Desktop\密码竞赛\SM464\SM464\Debug\vc100.idb
C:\USERS\ADMINISTRATOR\DESKTOP\密码竞赛\SM464\SM464\DEBUG\VC100.PDB
D:\STUDYPROJECTS\VS2010\SM464\DEBUG\SM464.EXE
D:\STUDYPROJECTS\VS2010\SM464\DEBUG\SM464.ILK
D:\STUDYPROJECTS\VS2010\SM464\DEBUG\SM464.PDB
D:\STUDYPROJECTS\VS2010\SM464\SM464\DEBUG\SM464.EXE.EMBED.MANIFEST
D:\STUDYPROJECTS\VS2010\SM464\SM464\DEBUG\SM464.EXE.EMBED.MANIFEST.RES
D:\STUDYPROJECTS\VS2010\SM464\SM464\DEBUG\SM464.EXE.INTERMEDIATE.MANIFEST
D:\STUDYPROJECTS\VS2010\SM464\SM464\DEBUG\SM464.OBJ
D:\STUDYPROJECTS\VS2010\SM464\SM464\DEBUG\VC100.PDB
